

============================== 2023-03-31 09:07:15.627682 | d1895f35-5872-4822-b5ae-b2efb43cad28 ==============================
[0m09:07:15.627682 [info ] [MainThread]: Running with dbt=1.4.5
[0m09:07:15.628651 [debug] [MainThread]: running dbt with arguments {'write_json': True, 'use_colors': True, 'printer_width': 80, 'version_check': True, 'partial_parse': True, 'static_parser': True, 'profiles_dir': '/home/nxtwave/Documents/shipyard/dbt-guide-starting-point', 'send_anonymous_usage_stats': True, 'quiet': False, 'no_print': False, 'cache_selected_only': False, 'which': 'run', 'rpc_method': 'run', 'indirect_selection': 'eager'}
[0m09:07:15.628802 [debug] [MainThread]: Tracking: tracking
[0m09:07:15.629738 [debug] [MainThread]: Sending event: {'category': 'dbt', 'action': 'invocation', 'label': 'start', 'context': [<snowplow_tracker.self_describing_json.SelfDescribingJson object at 0x7fe3a6a9e2c0>, <snowplow_tracker.self_describing_json.SelfDescribingJson object at 0x7fe3a6a9ce20>, <snowplow_tracker.self_describing_json.SelfDescribingJson object at 0x7fe3a6a9e260>]}
[0m09:07:15.636335 [debug] [MainThread]: checksum: e05dd7cee44d39ae8ac27965cacd8a6d8d0ab4e8185101e0db84e98f79bee0b6, vars: {}, profile: None, target: None, version: 1.4.5
[0m09:07:15.636843 [info ] [MainThread]: Unable to do partial parsing because saved manifest not found. Starting full parse.
[0m09:07:15.637211 [debug] [MainThread]: Sending event: {'category': 'dbt', 'action': 'partial_parser', 'label': 'd1895f35-5872-4822-b5ae-b2efb43cad28', 'context': [<snowplow_tracker.self_describing_json.SelfDescribingJson object at 0x7fe3a6a9f580>]}
[0m09:07:16.006906 [debug] [MainThread]: 1699: static parser successfully parsed example/my_first_dbt_model.sql
[0m09:07:16.013811 [debug] [MainThread]: 1699: static parser successfully parsed example/my_second_dbt_model.sql
[0m09:07:16.045592 [debug] [MainThread]: Sending event: {'category': 'dbt', 'action': 'load_project', 'label': 'd1895f35-5872-4822-b5ae-b2efb43cad28', 'context': [<snowplow_tracker.self_describing_json.SelfDescribingJson object at 0x7fe3a6a4e560>]}
[0m09:07:16.048979 [debug] [MainThread]: Sending event: {'category': 'dbt', 'action': 'resource_counts', 'label': 'd1895f35-5872-4822-b5ae-b2efb43cad28', 'context': [<snowplow_tracker.self_describing_json.SelfDescribingJson object at 0x7fe3a6a9dcc0>]}
[0m09:07:16.049224 [info ] [MainThread]: Found 2 models, 4 tests, 0 snapshots, 0 analyses, 337 macros, 0 operations, 0 seed files, 0 sources, 0 exposures, 0 metrics
[0m09:07:16.049410 [debug] [MainThread]: Sending event: {'category': 'dbt', 'action': 'runnable_timing', 'label': 'd1895f35-5872-4822-b5ae-b2efb43cad28', 'context': [<snowplow_tracker.self_describing_json.SelfDescribingJson object at 0x7fe3a6a51b10>]}
[0m09:07:16.050154 [info ] [MainThread]: 
[0m09:07:16.051215 [debug] [MainThread]: Acquiring new bigquery connection 'master'
[0m09:07:16.051945 [debug] [ThreadPool]: Acquiring new bigquery connection 'list_project-on-dbt-379106'
[0m09:07:16.052228 [debug] [ThreadPool]: Opening a new connection, currently in state init
[0m09:07:17.157334 [debug] [ThreadPool]: Acquiring new bigquery connection 'create_project-on-dbt-379106_dbt_commandline_central_dataset'
[0m09:07:17.159110 [debug] [ThreadPool]: Acquiring new bigquery connection 'create_project-on-dbt-379106_dbt_commandline_central_dataset'
[0m09:07:17.159881 [debug] [ThreadPool]: Creating schema "ReferenceKeyMsg(database='project-on-dbt-379106', schema='dbt_commandline_central_dataset', identifier=None)"
[0m09:07:17.176285 [debug] [ThreadPool]: Opening a new connection, currently in state closed
[0m09:07:17.208248 [debug] [ThreadPool]: On create_project-on-dbt-379106_dbt_commandline_central_dataset: /* {"app": "dbt", "dbt_version": "1.4.5", "profile_name": "default", "target_name": "dev", "connection_name": "create_project-on-dbt-379106_dbt_commandline_central_dataset"} */
create schema if not exists `project-on-dbt-379106`.`dbt_commandline_central_dataset`
  
[0m09:07:18.177303 [error] [ThreadPool]: BigQuery adapter: https://console.cloud.google.com/bigquery?project=project-on-dbt-379106&j=bq:asia-south1:bdb38c4b-5b62-4272-869d-8f88bcc1016b&page=queryresults
[0m09:07:18.178847 [debug] [ThreadPool]: BigQuery adapter: Unhandled error while running:
macro create_schema
[0m09:07:18.179428 [debug] [ThreadPool]: BigQuery adapter: Database Error
  Access Denied: Project project-on-dbt-379106: User does not have bigquery.jobs.create permission in project project-on-dbt-379106.
[0m09:07:18.180370 [debug] [MainThread]: Connection 'master' was properly closed.
[0m09:07:18.180526 [debug] [MainThread]: Connection 'create_project-on-dbt-379106_dbt_commandline_central_dataset' was properly closed.
[0m09:07:18.180688 [info ] [MainThread]: 
[0m09:07:18.180875 [info ] [MainThread]: Finished running  in 0 hours 0 minutes and 2.13 seconds (2.13s).
[0m09:07:18.181115 [debug] [MainThread]: Sending event: {'category': 'dbt', 'action': 'invocation', 'label': 'end', 'context': [<snowplow_tracker.self_describing_json.SelfDescribingJson object at 0x7fe3a6a4c730>, <snowplow_tracker.self_describing_json.SelfDescribingJson object at 0x7fe3a5b0b4f0>, <snowplow_tracker.self_describing_json.SelfDescribingJson object at 0x7fe3a5b09b10>]}
[0m09:07:18.181298 [debug] [MainThread]: Flushing usage events
[0m09:07:19.171054 [error] [MainThread]: Encountered an error:
Database Error
  Access Denied: Project project-on-dbt-379106: User does not have bigquery.jobs.create permission in project project-on-dbt-379106.


============================== 2023-03-31 09:08:27.332817 | 0de1a192-c4e6-4fd6-ab20-eebdba8ef255 ==============================
[0m09:08:27.332817 [info ] [MainThread]: Running with dbt=1.4.5
[0m09:08:27.333763 [debug] [MainThread]: running dbt with arguments {'write_json': True, 'use_colors': True, 'printer_width': 80, 'version_check': True, 'partial_parse': True, 'static_parser': True, 'profiles_dir': '/home/nxtwave/Documents/shipyard/dbt-guide-starting-point', 'send_anonymous_usage_stats': True, 'quiet': False, 'no_print': False, 'cache_selected_only': False, 'which': 'run', 'rpc_method': 'run', 'indirect_selection': 'eager'}
[0m09:08:27.333948 [debug] [MainThread]: Tracking: tracking
[0m09:08:27.335259 [debug] [MainThread]: Sending event: {'category': 'dbt', 'action': 'invocation', 'label': 'start', 'context': [<snowplow_tracker.self_describing_json.SelfDescribingJson object at 0x7fcade99a2c0>, <snowplow_tracker.self_describing_json.SelfDescribingJson object at 0x7fcade998df0>, <snowplow_tracker.self_describing_json.SelfDescribingJson object at 0x7fcade99a260>]}
[0m09:08:27.341945 [debug] [MainThread]: checksum: e05dd7cee44d39ae8ac27965cacd8a6d8d0ab4e8185101e0db84e98f79bee0b6, vars: {}, profile: None, target: None, version: 1.4.5
[0m09:08:27.358186 [debug] [MainThread]: Partial parsing enabled: 0 files deleted, 0 files added, 0 files changed.
[0m09:08:27.358380 [debug] [MainThread]: Partial parsing enabled, no changes found, skipping parsing
[0m09:08:27.362613 [debug] [MainThread]: Sending event: {'category': 'dbt', 'action': 'load_project', 'label': '0de1a192-c4e6-4fd6-ab20-eebdba8ef255', 'context': [<snowplow_tracker.self_describing_json.SelfDescribingJson object at 0x7fcade9580d0>]}
[0m09:08:27.368640 [debug] [MainThread]: Sending event: {'category': 'dbt', 'action': 'resource_counts', 'label': '0de1a192-c4e6-4fd6-ab20-eebdba8ef255', 'context': [<snowplow_tracker.self_describing_json.SelfDescribingJson object at 0x7fcade8a7340>]}
[0m09:08:27.368882 [info ] [MainThread]: Found 2 models, 4 tests, 0 snapshots, 0 analyses, 337 macros, 0 operations, 0 seed files, 0 sources, 0 exposures, 0 metrics
[0m09:08:27.369095 [debug] [MainThread]: Sending event: {'category': 'dbt', 'action': 'runnable_timing', 'label': '0de1a192-c4e6-4fd6-ab20-eebdba8ef255', 'context': [<snowplow_tracker.self_describing_json.SelfDescribingJson object at 0x7fcade8a73a0>]}
[0m09:08:27.369929 [info ] [MainThread]: 
[0m09:08:27.371160 [debug] [MainThread]: Acquiring new bigquery connection 'master'
[0m09:08:27.371847 [debug] [ThreadPool]: Acquiring new bigquery connection 'list_project-on-dbt-379106'
[0m09:08:27.372127 [debug] [ThreadPool]: Opening a new connection, currently in state init
[0m09:08:28.254883 [debug] [ThreadPool]: Acquiring new bigquery connection 'create_project-on-dbt-379106_dbt_commandline_central_dataset'
[0m09:08:28.255823 [debug] [ThreadPool]: Acquiring new bigquery connection 'create_project-on-dbt-379106_dbt_commandline_central_dataset'
[0m09:08:28.255971 [debug] [ThreadPool]: Creating schema "ReferenceKeyMsg(database='project-on-dbt-379106', schema='dbt_commandline_central_dataset', identifier=None)"
[0m09:08:28.261227 [debug] [ThreadPool]: Opening a new connection, currently in state closed
[0m09:08:28.289721 [debug] [ThreadPool]: On create_project-on-dbt-379106_dbt_commandline_central_dataset: /* {"app": "dbt", "dbt_version": "1.4.5", "profile_name": "default", "target_name": "dev", "connection_name": "create_project-on-dbt-379106_dbt_commandline_central_dataset"} */
create schema if not exists `project-on-dbt-379106`.`dbt_commandline_central_dataset`
  
[0m09:08:37.786801 [debug] [ThreadPool]: BigQuery adapter: https://console.cloud.google.com/bigquery?project=project-on-dbt-379106&j=bq:asia-south1:8865951d-671e-4de9-880f-b9703e1f02df&page=queryresults
[0m09:08:37.791967 [debug] [ThreadPool]: Acquiring new bigquery connection 'list_project-on-dbt-379106_dbt_commandline_central_dataset'
[0m09:08:37.793020 [debug] [ThreadPool]: Opening a new connection, currently in state closed
[0m09:08:38.453691 [debug] [MainThread]: Sending event: {'category': 'dbt', 'action': 'runnable_timing', 'label': '0de1a192-c4e6-4fd6-ab20-eebdba8ef255', 'context': [<snowplow_tracker.self_describing_json.SelfDescribingJson object at 0x7fcade8a5a20>]}
[0m09:08:38.455646 [info ] [MainThread]: Concurrency: 4 threads (target='dev')
[0m09:08:38.456712 [info ] [MainThread]: 
[0m09:08:38.466773 [debug] [Thread-1 (]: Began running node model.my_new_project.my_first_dbt_model
[0m09:08:38.467913 [info ] [Thread-1 (]: 1 of 2 START sql table model dbt_commandline_central_dataset.my_first_dbt_model  [RUN]
[0m09:08:38.469962 [debug] [Thread-1 (]: Acquiring new bigquery connection 'model.my_new_project.my_first_dbt_model'
[0m09:08:38.470648 [debug] [Thread-1 (]: Began compiling node model.my_new_project.my_first_dbt_model
[0m09:08:38.478676 [debug] [Thread-1 (]: Writing injected SQL for node "model.my_new_project.my_first_dbt_model"
[0m09:08:38.480194 [debug] [Thread-1 (]: Timing info for model.my_new_project.my_first_dbt_model (compile): 2023-03-31 09:08:38.471112 => 2023-03-31 09:08:38.480001
[0m09:08:38.480909 [debug] [Thread-1 (]: Began executing node model.my_new_project.my_first_dbt_model
[0m09:08:38.527953 [debug] [Thread-1 (]: Writing runtime sql for node "model.my_new_project.my_first_dbt_model"
[0m09:08:38.528396 [debug] [Thread-1 (]: Opening a new connection, currently in state closed
[0m09:08:38.558151 [debug] [Thread-1 (]: On model.my_new_project.my_first_dbt_model: /* {"app": "dbt", "dbt_version": "1.4.5", "profile_name": "default", "target_name": "dev", "node_id": "model.my_new_project.my_first_dbt_model"} */

  
    

    create or replace table `project-on-dbt-379106`.`dbt_commandline_central_dataset`.`my_first_dbt_model`
    
    
    OPTIONS()
    as (
      /*
    Welcome to your first dbt model!
    Did you know that you can also configure models directly within SQL files?
    This will override configurations stated in dbt_project.yml

    Try changing "table" to "view" below
*/



with source_data as (

    select 1 as id
    union all
    select null as id

)

select *
from source_data

/*
    Uncomment the line below to remove records with null `id` values
*/

-- where id is not null
    );
  
[0m09:08:41.987671 [debug] [Thread-1 (]: BigQuery adapter: https://console.cloud.google.com/bigquery?project=project-on-dbt-379106&j=bq:asia-south1:c2ab11e0-e856-43ae-a224-5d5a23520845&page=queryresults
[0m09:08:41.998938 [debug] [Thread-1 (]: Timing info for model.my_new_project.my_first_dbt_model (execute): 2023-03-31 09:08:38.481370 => 2023-03-31 09:08:41.998899
[0m09:08:41.999331 [debug] [Thread-1 (]: Sending event: {'category': 'dbt', 'action': 'run_model', 'label': '0de1a192-c4e6-4fd6-ab20-eebdba8ef255', 'context': [<snowplow_tracker.self_describing_json.SelfDescribingJson object at 0x7fcade94b0d0>]}
[0m09:08:41.999593 [info ] [Thread-1 (]: 1 of 2 OK created sql table model dbt_commandline_central_dataset.my_first_dbt_model  [[32mCREATE TABLE (2.0 rows, 0 processed)[0m in 3.53s]
[0m09:08:42.000516 [debug] [Thread-1 (]: Finished running node model.my_new_project.my_first_dbt_model
[0m09:08:42.001112 [debug] [Thread-3 (]: Began running node model.my_new_project.my_second_dbt_model
[0m09:08:42.001338 [info ] [Thread-3 (]: 2 of 2 START sql view model dbt_commandline_central_dataset.my_second_dbt_model  [RUN]
[0m09:08:42.001831 [debug] [Thread-3 (]: Acquiring new bigquery connection 'model.my_new_project.my_second_dbt_model'
[0m09:08:42.002014 [debug] [Thread-3 (]: Began compiling node model.my_new_project.my_second_dbt_model
[0m09:08:42.004904 [debug] [Thread-3 (]: Writing injected SQL for node "model.my_new_project.my_second_dbt_model"
[0m09:08:42.005426 [debug] [Thread-3 (]: Timing info for model.my_new_project.my_second_dbt_model (compile): 2023-03-31 09:08:42.002159 => 2023-03-31 09:08:42.005347
[0m09:08:42.006123 [debug] [Thread-3 (]: Began executing node model.my_new_project.my_second_dbt_model
[0m09:08:42.024868 [debug] [Thread-3 (]: Writing runtime sql for node "model.my_new_project.my_second_dbt_model"
[0m09:08:42.025817 [debug] [Thread-3 (]: Opening a new connection, currently in state init
[0m09:08:42.057207 [debug] [Thread-3 (]: On model.my_new_project.my_second_dbt_model: /* {"app": "dbt", "dbt_version": "1.4.5", "profile_name": "default", "target_name": "dev", "node_id": "model.my_new_project.my_second_dbt_model"} */


  create or replace view `project-on-dbt-379106`.`dbt_commandline_central_dataset`.`my_second_dbt_model`
  OPTIONS()
  as -- Use the `ref` function to select from other models

select *
from `project-on-dbt-379106`.`dbt_commandline_central_dataset`.`my_first_dbt_model`
where id = 1;


[0m09:08:44.089622 [debug] [Thread-3 (]: BigQuery adapter: https://console.cloud.google.com/bigquery?project=project-on-dbt-379106&j=bq:asia-south1:3a2248a3-79aa-4b76-b696-9159658d7264&page=queryresults
[0m09:08:44.091820 [debug] [Thread-3 (]: Timing info for model.my_new_project.my_second_dbt_model (execute): 2023-03-31 09:08:42.006484 => 2023-03-31 09:08:44.091785
[0m09:08:44.092192 [debug] [Thread-3 (]: Sending event: {'category': 'dbt', 'action': 'run_model', 'label': '0de1a192-c4e6-4fd6-ab20-eebdba8ef255', 'context': [<snowplow_tracker.self_describing_json.SelfDescribingJson object at 0x7fcade94b2e0>]}
[0m09:08:44.092431 [info ] [Thread-3 (]: 2 of 2 OK created sql view model dbt_commandline_central_dataset.my_second_dbt_model  [[32mCREATE VIEW (0 processed)[0m in 2.09s]
[0m09:08:44.092675 [debug] [Thread-3 (]: Finished running node model.my_new_project.my_second_dbt_model
[0m09:08:44.093588 [debug] [MainThread]: Acquiring new bigquery connection 'master'
[0m09:08:44.095173 [debug] [MainThread]: Connection 'master' was properly closed.
[0m09:08:44.095848 [debug] [MainThread]: Connection 'model.my_new_project.my_first_dbt_model' was properly closed.
[0m09:08:44.096371 [debug] [MainThread]: Connection 'model.my_new_project.my_second_dbt_model' was properly closed.
[0m09:08:44.096987 [info ] [MainThread]: 
[0m09:08:44.097818 [info ] [MainThread]: Finished running 1 table model, 1 view model in 0 hours 0 minutes and 16.73 seconds (16.73s).
[0m09:08:44.099023 [debug] [MainThread]: Command end result
[0m09:08:44.115224 [info ] [MainThread]: 
[0m09:08:44.117061 [info ] [MainThread]: [32mCompleted successfully[0m
[0m09:08:44.118133 [info ] [MainThread]: 
[0m09:08:44.118920 [info ] [MainThread]: Done. PASS=2 WARN=0 ERROR=0 SKIP=0 TOTAL=2
[0m09:08:44.120690 [debug] [MainThread]: Sending event: {'category': 'dbt', 'action': 'invocation', 'label': 'end', 'context': [<snowplow_tracker.self_describing_json.SelfDescribingJson object at 0x7fcade8a6ef0>, <snowplow_tracker.self_describing_json.SelfDescribingJson object at 0x7fcade8a49a0>, <snowplow_tracker.self_describing_json.SelfDescribingJson object at 0x7fcade8a56f0>]}
[0m09:08:44.121731 [debug] [MainThread]: Flushing usage events


============================== 2023-03-31 09:10:38.196021 | 8abb6e2f-b7b3-4214-bfad-7540d6ea3da2 ==============================
[0m09:10:38.196021 [info ] [MainThread]: Running with dbt=1.4.5
[0m09:10:38.196909 [debug] [MainThread]: running dbt with arguments {'write_json': True, 'use_colors': True, 'printer_width': 80, 'version_check': True, 'partial_parse': True, 'static_parser': True, 'profiles_dir': '/home/nxtwave/Documents/shipyard/dbt-guide-starting-point', 'send_anonymous_usage_stats': True, 'quiet': False, 'no_print': False, 'cache_selected_only': False, 'config_dir': False, 'which': 'debug', 'indirect_selection': 'eager'}
[0m09:10:38.197035 [debug] [MainThread]: Tracking: tracking
[0m09:10:38.198112 [debug] [MainThread]: Sending event: {'category': 'dbt', 'action': 'invocation', 'label': 'start', 'context': [<snowplow_tracker.self_describing_json.SelfDescribingJson object at 0x7f1ea29013c0>, <snowplow_tracker.self_describing_json.SelfDescribingJson object at 0x7f1ea2903760>, <snowplow_tracker.self_describing_json.SelfDescribingJson object at 0x7f1ea2901a80>]}
[0m09:10:38.402373 [debug] [MainThread]: Executing "git --help"
[0m09:10:38.403600 [debug] [MainThread]: STDOUT: "b"usage: git [--version] [--help] [-C <path>] [-c <name>=<value>]\n           [--exec-path[=<path>]] [--html-path] [--man-path] [--info-path]\n           [-p | --paginate | -P | --no-pager] [--no-replace-objects] [--bare]\n           [--git-dir=<path>] [--work-tree=<path>] [--namespace=<name>]\n           [--super-prefix=<path>] [--config-env=<name>=<envvar>]\n           <command> [<args>]\n\nThese are common Git commands used in various situations:\n\nstart a working area (see also: git help tutorial)\n   clone     Clone a repository into a new directory\n   init      Create an empty Git repository or reinitialize an existing one\n\nwork on the current change (see also: git help everyday)\n   add       Add file contents to the index\n   mv        Move or rename a file, a directory, or a symlink\n   restore   Restore working tree files\n   rm        Remove files from the working tree and from the index\n\nexamine the history and state (see also: git help revisions)\n   bisect    Use binary search to find the commit that introduced a bug\n   diff      Show changes between commits, commit and working tree, etc\n   grep      Print lines matching a pattern\n   log       Show commit logs\n   show      Show various types of objects\n   status    Show the working tree status\n\ngrow, mark and tweak your common history\n   branch    List, create, or delete branches\n   commit    Record changes to the repository\n   merge     Join two or more development histories together\n   rebase    Reapply commits on top of another base tip\n   reset     Reset current HEAD to the specified state\n   switch    Switch branches\n   tag       Create, list, delete or verify a tag object signed with GPG\n\ncollaborate (see also: git help workflows)\n   fetch     Download objects and refs from another repository\n   pull      Fetch from and integrate with another repository or a local branch\n   push      Update remote refs along with associated objects\n\n'git help -a' and 'git help -g' list available subcommands and some\nconcept guides. See 'git help <command>' or 'git help <concept>'\nto read about a specific subcommand or concept.\nSee 'git help git' for an overview of the system.\n""
[0m09:10:38.403762 [debug] [MainThread]: STDERR: "b''"
[0m09:10:38.405396 [debug] [MainThread]: Acquiring new bigquery connection 'debug'
[0m09:10:38.405624 [debug] [MainThread]: Opening a new connection, currently in state init
[0m09:10:38.437194 [debug] [MainThread]: On debug: select 1 as id
[0m09:10:41.342789 [debug] [MainThread]: BigQuery adapter: https://console.cloud.google.com/bigquery?project=project-on-dbt-379106&j=bq:asia-south1:f9eda1e8-0bd3-4eda-903d-d047e3751a6b&page=queryresults
[0m09:10:41.343895 [debug] [MainThread]: Sending event: {'category': 'dbt', 'action': 'invocation', 'label': 'end', 'context': [<snowplow_tracker.self_describing_json.SelfDescribingJson object at 0x7f1ea5014df0>, <snowplow_tracker.self_describing_json.SelfDescribingJson object at 0x7f1ea097acb0>, <snowplow_tracker.self_describing_json.SelfDescribingJson object at 0x7f1ea0782590>]}
[0m09:10:41.344771 [debug] [MainThread]: Flushing usage events
[0m09:10:42.361258 [debug] [MainThread]: Connection 'debug' was properly closed.


============================== 2023-03-31 09:11:27.905494 | 130cea48-e911-48fd-baa3-867977342a9d ==============================
[0m09:11:27.905494 [info ] [MainThread]: Running with dbt=1.4.5
[0m09:11:27.906409 [debug] [MainThread]: running dbt with arguments {'write_json': True, 'use_colors': True, 'printer_width': 80, 'version_check': True, 'partial_parse': True, 'static_parser': True, 'profiles_dir': '/home/nxtwave/Documents/shipyard/dbt-guide-starting-point', 'send_anonymous_usage_stats': True, 'quiet': False, 'no_print': False, 'cache_selected_only': False, 'which': 'run', 'rpc_method': 'run', 'indirect_selection': 'eager'}
[0m09:11:27.906692 [debug] [MainThread]: Tracking: tracking
[0m09:11:27.907673 [debug] [MainThread]: Sending event: {'category': 'dbt', 'action': 'invocation', 'label': 'start', 'context': [<snowplow_tracker.self_describing_json.SelfDescribingJson object at 0x7f6623f822c0>, <snowplow_tracker.self_describing_json.SelfDescribingJson object at 0x7f6623f80e50>, <snowplow_tracker.self_describing_json.SelfDescribingJson object at 0x7f6623f82260>]}
[0m09:11:27.914266 [debug] [MainThread]: checksum: e05dd7cee44d39ae8ac27965cacd8a6d8d0ab4e8185101e0db84e98f79bee0b6, vars: {}, profile: None, target: None, version: 1.4.5
[0m09:11:27.922700 [info ] [MainThread]: Unable to do partial parsing because profile has changed
[0m09:11:27.923117 [debug] [MainThread]: Sending event: {'category': 'dbt', 'action': 'partial_parser', 'label': '130cea48-e911-48fd-baa3-867977342a9d', 'context': [<snowplow_tracker.self_describing_json.SelfDescribingJson object at 0x7f6623f82680>]}
[0m09:11:28.302026 [debug] [MainThread]: 1699: static parser successfully parsed example/my_first_dbt_model.sql
[0m09:11:28.309443 [debug] [MainThread]: 1699: static parser successfully parsed example/my_second_dbt_model.sql
[0m09:11:28.343502 [debug] [MainThread]: Sending event: {'category': 'dbt', 'action': 'load_project', 'label': '130cea48-e911-48fd-baa3-867977342a9d', 'context': [<snowplow_tracker.self_describing_json.SelfDescribingJson object at 0x7f6623eb0550>]}
[0m09:11:28.347121 [debug] [MainThread]: Sending event: {'category': 'dbt', 'action': 'resource_counts', 'label': '130cea48-e911-48fd-baa3-867977342a9d', 'context': [<snowplow_tracker.self_describing_json.SelfDescribingJson object at 0x7f6623f69120>]}
[0m09:11:28.347344 [info ] [MainThread]: Found 2 models, 4 tests, 0 snapshots, 0 analyses, 337 macros, 0 operations, 0 seed files, 0 sources, 0 exposures, 0 metrics
[0m09:11:28.347520 [debug] [MainThread]: Sending event: {'category': 'dbt', 'action': 'runnable_timing', 'label': '130cea48-e911-48fd-baa3-867977342a9d', 'context': [<snowplow_tracker.self_describing_json.SelfDescribingJson object at 0x7f6627a7d330>]}
[0m09:11:28.348240 [info ] [MainThread]: 
[0m09:11:28.349266 [debug] [MainThread]: Acquiring new bigquery connection 'master'
[0m09:11:28.349989 [debug] [ThreadPool]: Acquiring new bigquery connection 'list_project-on-dbt-379106'
[0m09:11:28.350317 [debug] [ThreadPool]: Opening a new connection, currently in state init
[0m09:11:29.275338 [debug] [ThreadPool]: Acquiring new bigquery connection 'create_project-on-dbt-379106_dbt_shipyard'
[0m09:11:29.276027 [debug] [ThreadPool]: Acquiring new bigquery connection 'create_project-on-dbt-379106_dbt_shipyard'
[0m09:11:29.276178 [debug] [ThreadPool]: Creating schema "ReferenceKeyMsg(database='project-on-dbt-379106', schema='dbt_shipyard', identifier=None)"
[0m09:11:29.281406 [debug] [ThreadPool]: Opening a new connection, currently in state closed
[0m09:11:29.309810 [debug] [ThreadPool]: On create_project-on-dbt-379106_dbt_shipyard: /* {"app": "dbt", "dbt_version": "1.4.5", "profile_name": "default", "target_name": "dev", "connection_name": "create_project-on-dbt-379106_dbt_shipyard"} */
create schema if not exists `project-on-dbt-379106`.`dbt_shipyard`
  
[0m09:11:36.112061 [debug] [ThreadPool]: BigQuery adapter: https://console.cloud.google.com/bigquery?project=project-on-dbt-379106&j=bq:asia-south1:557c6b61-a9cb-4e39-88ae-5ee0f043e1a8&page=queryresults
[0m09:11:36.114423 [debug] [ThreadPool]: Acquiring new bigquery connection 'list_project-on-dbt-379106_dbt_shipyard'
[0m09:11:36.115192 [debug] [ThreadPool]: Opening a new connection, currently in state closed
[0m09:11:36.732469 [debug] [MainThread]: Sending event: {'category': 'dbt', 'action': 'runnable_timing', 'label': '130cea48-e911-48fd-baa3-867977342a9d', 'context': [<snowplow_tracker.self_describing_json.SelfDescribingJson object at 0x7f6623f82260>]}
[0m09:11:36.734440 [info ] [MainThread]: Concurrency: 4 threads (target='dev')
[0m09:11:36.735361 [info ] [MainThread]: 
[0m09:11:36.746248 [debug] [Thread-1 (]: Began running node model.my_new_project.my_first_dbt_model
[0m09:11:36.749113 [info ] [Thread-1 (]: 1 of 2 START sql table model dbt_shipyard.my_first_dbt_model ................... [RUN]
[0m09:11:36.751699 [debug] [Thread-1 (]: Acquiring new bigquery connection 'model.my_new_project.my_first_dbt_model'
[0m09:11:36.752752 [debug] [Thread-1 (]: Began compiling node model.my_new_project.my_first_dbt_model
[0m09:11:36.764835 [debug] [Thread-1 (]: Writing injected SQL for node "model.my_new_project.my_first_dbt_model"
[0m09:11:36.765713 [debug] [Thread-1 (]: Timing info for model.my_new_project.my_first_dbt_model (compile): 2023-03-31 09:11:36.753586 => 2023-03-31 09:11:36.765581
[0m09:11:36.766214 [debug] [Thread-1 (]: Began executing node model.my_new_project.my_first_dbt_model
[0m09:11:36.796223 [debug] [Thread-1 (]: Writing runtime sql for node "model.my_new_project.my_first_dbt_model"
[0m09:11:36.796982 [debug] [Thread-1 (]: Opening a new connection, currently in state closed
[0m09:11:36.827213 [debug] [Thread-1 (]: On model.my_new_project.my_first_dbt_model: /* {"app": "dbt", "dbt_version": "1.4.5", "profile_name": "default", "target_name": "dev", "node_id": "model.my_new_project.my_first_dbt_model"} */

  
    

    create or replace table `project-on-dbt-379106`.`dbt_shipyard`.`my_first_dbt_model`
    
    
    OPTIONS()
    as (
      /*
    Welcome to your first dbt model!
    Did you know that you can also configure models directly within SQL files?
    This will override configurations stated in dbt_project.yml

    Try changing "table" to "view" below
*/



with source_data as (

    select 1 as id
    union all
    select null as id

)

select *
from source_data

/*
    Uncomment the line below to remove records with null `id` values
*/

-- where id is not null
    );
  
[0m09:11:39.382934 [debug] [Thread-1 (]: BigQuery adapter: https://console.cloud.google.com/bigquery?project=project-on-dbt-379106&j=bq:asia-south1:93b10730-53c8-424d-bfbb-2d0a092aa2dc&page=queryresults
[0m09:11:39.404796 [debug] [Thread-1 (]: Timing info for model.my_new_project.my_first_dbt_model (execute): 2023-03-31 09:11:36.766491 => 2023-03-31 09:11:39.404759
[0m09:11:39.405181 [debug] [Thread-1 (]: Sending event: {'category': 'dbt', 'action': 'run_model', 'label': '130cea48-e911-48fd-baa3-867977342a9d', 'context': [<snowplow_tracker.self_describing_json.SelfDescribingJson object at 0x7f6623f00880>]}
[0m09:11:39.405439 [info ] [Thread-1 (]: 1 of 2 OK created sql table model dbt_shipyard.my_first_dbt_model .............. [[32mCREATE TABLE (2.0 rows, 0 processed)[0m in 2.65s]
[0m09:11:39.406407 [debug] [Thread-1 (]: Finished running node model.my_new_project.my_first_dbt_model
[0m09:11:39.406968 [debug] [Thread-3 (]: Began running node model.my_new_project.my_second_dbt_model
[0m09:11:39.407216 [info ] [Thread-3 (]: 2 of 2 START sql view model dbt_shipyard.my_second_dbt_model ................... [RUN]
[0m09:11:39.407662 [debug] [Thread-3 (]: Acquiring new bigquery connection 'model.my_new_project.my_second_dbt_model'
[0m09:11:39.407808 [debug] [Thread-3 (]: Began compiling node model.my_new_project.my_second_dbt_model
[0m09:11:39.409531 [debug] [Thread-3 (]: Writing injected SQL for node "model.my_new_project.my_second_dbt_model"
[0m09:11:39.409810 [debug] [Thread-3 (]: Timing info for model.my_new_project.my_second_dbt_model (compile): 2023-03-31 09:11:39.407951 => 2023-03-31 09:11:39.409769
[0m09:11:39.409958 [debug] [Thread-3 (]: Began executing node model.my_new_project.my_second_dbt_model
[0m09:11:39.423821 [debug] [Thread-3 (]: Writing runtime sql for node "model.my_new_project.my_second_dbt_model"
[0m09:11:39.424255 [debug] [Thread-3 (]: Opening a new connection, currently in state init
[0m09:11:39.454454 [debug] [Thread-3 (]: On model.my_new_project.my_second_dbt_model: /* {"app": "dbt", "dbt_version": "1.4.5", "profile_name": "default", "target_name": "dev", "node_id": "model.my_new_project.my_second_dbt_model"} */


  create or replace view `project-on-dbt-379106`.`dbt_shipyard`.`my_second_dbt_model`
  OPTIONS()
  as -- Use the `ref` function to select from other models

select *
from `project-on-dbt-379106`.`dbt_shipyard`.`my_first_dbt_model`
where id = 1;


[0m09:11:42.198182 [debug] [Thread-3 (]: BigQuery adapter: https://console.cloud.google.com/bigquery?project=project-on-dbt-379106&j=bq:asia-south1:aedbdeaf-b6ff-4098-b29a-f026dcec7ee7&page=queryresults
[0m09:11:42.203496 [debug] [Thread-3 (]: Timing info for model.my_new_project.my_second_dbt_model (execute): 2023-03-31 09:11:39.410064 => 2023-03-31 09:11:42.203341
[0m09:11:42.205349 [debug] [Thread-3 (]: Sending event: {'category': 'dbt', 'action': 'run_model', 'label': '130cea48-e911-48fd-baa3-867977342a9d', 'context': [<snowplow_tracker.self_describing_json.SelfDescribingJson object at 0x7f6623e844c0>]}
[0m09:11:42.206470 [info ] [Thread-3 (]: 2 of 2 OK created sql view model dbt_shipyard.my_second_dbt_model .............. [[32mCREATE VIEW (0 processed)[0m in 2.80s]
[0m09:11:42.207394 [debug] [Thread-3 (]: Finished running node model.my_new_project.my_second_dbt_model
[0m09:11:42.211532 [debug] [MainThread]: Acquiring new bigquery connection 'master'
[0m09:11:42.213483 [debug] [MainThread]: Connection 'master' was properly closed.
[0m09:11:42.214094 [debug] [MainThread]: Connection 'model.my_new_project.my_first_dbt_model' was properly closed.
[0m09:11:42.214550 [debug] [MainThread]: Connection 'model.my_new_project.my_second_dbt_model' was properly closed.
[0m09:11:42.215198 [info ] [MainThread]: 
[0m09:11:42.216009 [info ] [MainThread]: Finished running 1 table model, 1 view model in 0 hours 0 minutes and 13.87 seconds (13.87s).
[0m09:11:42.217170 [debug] [MainThread]: Command end result
[0m09:11:42.235349 [info ] [MainThread]: 
[0m09:11:42.235762 [info ] [MainThread]: [32mCompleted successfully[0m
[0m09:11:42.235963 [info ] [MainThread]: 
[0m09:11:42.236107 [info ] [MainThread]: Done. PASS=2 WARN=0 ERROR=0 SKIP=0 TOTAL=2
[0m09:11:42.236484 [debug] [MainThread]: Sending event: {'category': 'dbt', 'action': 'invocation', 'label': 'end', 'context': [<snowplow_tracker.self_describing_json.SelfDescribingJson object at 0x7f6623070f40>, <snowplow_tracker.self_describing_json.SelfDescribingJson object at 0x7f6623071b10>, <snowplow_tracker.self_describing_json.SelfDescribingJson object at 0x7f6623070fd0>]}
[0m09:11:42.236800 [debug] [MainThread]: Flushing usage events


============================== 2023-03-31 09:11:50.171846 | 8e3d0ef0-8f12-4dec-8561-851615e5a9ff ==============================
[0m09:11:50.171846 [info ] [MainThread]: Running with dbt=1.4.5
[0m09:11:50.172758 [debug] [MainThread]: running dbt with arguments {'write_json': True, 'use_colors': True, 'printer_width': 80, 'version_check': True, 'partial_parse': True, 'static_parser': True, 'profiles_dir': '/home/nxtwave/Documents/shipyard/dbt-guide-starting-point', 'send_anonymous_usage_stats': True, 'quiet': False, 'no_print': False, 'cache_selected_only': False, 'compile': True, 'which': 'generate', 'rpc_method': 'docs.generate', 'indirect_selection': 'eager'}
[0m09:11:50.172895 [debug] [MainThread]: Tracking: tracking
[0m09:11:50.173883 [debug] [MainThread]: Sending event: {'category': 'dbt', 'action': 'invocation', 'label': 'start', 'context': [<snowplow_tracker.self_describing_json.SelfDescribingJson object at 0x7fbbabb822c0>, <snowplow_tracker.self_describing_json.SelfDescribingJson object at 0x7fbbabb80df0>, <snowplow_tracker.self_describing_json.SelfDescribingJson object at 0x7fbbabb82260>]}
[0m09:11:50.180570 [debug] [MainThread]: checksum: e05dd7cee44d39ae8ac27965cacd8a6d8d0ab4e8185101e0db84e98f79bee0b6, vars: {}, profile: None, target: None, version: 1.4.5
[0m09:11:50.194304 [debug] [MainThread]: Partial parsing enabled: 0 files deleted, 0 files added, 0 files changed.
[0m09:11:50.194620 [debug] [MainThread]: Partial parsing enabled, no changes found, skipping parsing
[0m09:11:50.199103 [debug] [MainThread]: Sending event: {'category': 'dbt', 'action': 'load_project', 'label': '8e3d0ef0-8f12-4dec-8561-851615e5a9ff', 'context': [<snowplow_tracker.self_describing_json.SelfDescribingJson object at 0x7fbbabb440d0>]}
[0m09:11:50.203134 [debug] [MainThread]: Sending event: {'category': 'dbt', 'action': 'resource_counts', 'label': '8e3d0ef0-8f12-4dec-8561-851615e5a9ff', 'context': [<snowplow_tracker.self_describing_json.SelfDescribingJson object at 0x7fbbabbf7370>]}
[0m09:11:50.203334 [info ] [MainThread]: Found 2 models, 4 tests, 0 snapshots, 0 analyses, 337 macros, 0 operations, 0 seed files, 0 sources, 0 exposures, 0 metrics
[0m09:11:50.203507 [debug] [MainThread]: Sending event: {'category': 'dbt', 'action': 'runnable_timing', 'label': '8e3d0ef0-8f12-4dec-8561-851615e5a9ff', 'context': [<snowplow_tracker.self_describing_json.SelfDescribingJson object at 0x7fbbabbf73d0>]}
[0m09:11:50.204293 [info ] [MainThread]: 
[0m09:11:50.205368 [debug] [MainThread]: Acquiring new bigquery connection 'master'
[0m09:11:50.206007 [debug] [ThreadPool]: Acquiring new bigquery connection 'list_project-on-dbt-379106_dbt_shipyard'
[0m09:11:50.206269 [debug] [ThreadPool]: Opening a new connection, currently in state init
[0m09:11:50.776490 [debug] [MainThread]: Sending event: {'category': 'dbt', 'action': 'runnable_timing', 'label': '8e3d0ef0-8f12-4dec-8561-851615e5a9ff', 'context': [<snowplow_tracker.self_describing_json.SelfDescribingJson object at 0x7fbbabbf7130>]}
[0m09:11:50.778034 [info ] [MainThread]: Concurrency: 4 threads (target='dev')
[0m09:11:50.778236 [info ] [MainThread]: 
[0m09:11:50.781657 [debug] [Thread-1 (]: Began running node model.my_new_project.my_first_dbt_model
[0m09:11:50.783381 [debug] [Thread-1 (]: Acquiring new bigquery connection 'model.my_new_project.my_first_dbt_model'
[0m09:11:50.784123 [debug] [Thread-1 (]: Began compiling node model.my_new_project.my_first_dbt_model
[0m09:11:50.786788 [debug] [Thread-1 (]: Writing injected SQL for node "model.my_new_project.my_first_dbt_model"
[0m09:11:50.787171 [debug] [Thread-1 (]: Timing info for model.my_new_project.my_first_dbt_model (compile): 2023-03-31 09:11:50.784573 => 2023-03-31 09:11:50.787101
[0m09:11:50.787374 [debug] [Thread-1 (]: Began executing node model.my_new_project.my_first_dbt_model
[0m09:11:50.787515 [debug] [Thread-1 (]: Timing info for model.my_new_project.my_first_dbt_model (execute): 2023-03-31 09:11:50.787476 => 2023-03-31 09:11:50.787488
[0m09:11:50.790218 [debug] [Thread-1 (]: Finished running node model.my_new_project.my_first_dbt_model
[0m09:11:50.791540 [debug] [Thread-3 (]: Began running node model.my_new_project.my_second_dbt_model
[0m09:11:50.791985 [debug] [Thread-4 (]: Began running node test.my_new_project.not_null_my_first_dbt_model_id.5fb22c2710
[0m09:11:50.792330 [debug] [Thread-2 (]: Began running node test.my_new_project.unique_my_first_dbt_model_id.16e066b321
[0m09:11:50.793080 [debug] [Thread-3 (]: Acquiring new bigquery connection 'model.my_new_project.my_second_dbt_model'
[0m09:11:50.793738 [debug] [Thread-4 (]: Acquiring new bigquery connection 'test.my_new_project.not_null_my_first_dbt_model_id.5fb22c2710'
[0m09:11:50.794625 [debug] [Thread-2 (]: Acquiring new bigquery connection 'test.my_new_project.unique_my_first_dbt_model_id.16e066b321'
[0m09:11:50.794938 [debug] [Thread-3 (]: Began compiling node model.my_new_project.my_second_dbt_model
[0m09:11:50.795918 [debug] [Thread-4 (]: Began compiling node test.my_new_project.not_null_my_first_dbt_model_id.5fb22c2710
[0m09:11:50.796361 [debug] [Thread-2 (]: Began compiling node test.my_new_project.unique_my_first_dbt_model_id.16e066b321
[0m09:11:50.800604 [debug] [Thread-3 (]: Writing injected SQL for node "model.my_new_project.my_second_dbt_model"
[0m09:11:50.818340 [debug] [Thread-2 (]: Writing injected SQL for node "test.my_new_project.unique_my_first_dbt_model_id.16e066b321"
[0m09:11:50.826691 [debug] [Thread-4 (]: Writing injected SQL for node "test.my_new_project.not_null_my_first_dbt_model_id.5fb22c2710"
[0m09:11:50.826965 [debug] [Thread-3 (]: Timing info for model.my_new_project.my_second_dbt_model (compile): 2023-03-31 09:11:50.796576 => 2023-03-31 09:11:50.826904
[0m09:11:50.827257 [debug] [Thread-3 (]: Began executing node model.my_new_project.my_second_dbt_model
[0m09:11:50.827425 [debug] [Thread-3 (]: Timing info for model.my_new_project.my_second_dbt_model (execute): 2023-03-31 09:11:50.827386 => 2023-03-31 09:11:50.827397
[0m09:11:50.827851 [debug] [Thread-3 (]: Finished running node model.my_new_project.my_second_dbt_model
[0m09:11:50.828000 [debug] [Thread-2 (]: Timing info for test.my_new_project.unique_my_first_dbt_model_id.16e066b321 (compile): 2023-03-31 09:11:50.805817 => 2023-03-31 09:11:50.827954
[0m09:11:50.828162 [debug] [Thread-4 (]: Timing info for test.my_new_project.not_null_my_first_dbt_model_id.5fb22c2710 (compile): 2023-03-31 09:11:50.800995 => 2023-03-31 09:11:50.828118
[0m09:11:50.828524 [debug] [Thread-1 (]: Began running node test.my_new_project.not_null_my_second_dbt_model_id.151b76d778
[0m09:11:50.828711 [debug] [Thread-3 (]: Began running node test.my_new_project.unique_my_second_dbt_model_id.57a0f8c493
[0m09:11:50.828870 [debug] [Thread-2 (]: Began executing node test.my_new_project.unique_my_first_dbt_model_id.16e066b321
[0m09:11:50.829063 [debug] [Thread-4 (]: Began executing node test.my_new_project.not_null_my_first_dbt_model_id.5fb22c2710
[0m09:11:50.829448 [debug] [Thread-1 (]: Acquiring new bigquery connection 'test.my_new_project.not_null_my_second_dbt_model_id.151b76d778'
[0m09:11:50.829820 [debug] [Thread-3 (]: Acquiring new bigquery connection 'test.my_new_project.unique_my_second_dbt_model_id.57a0f8c493'
[0m09:11:50.829999 [debug] [Thread-2 (]: Timing info for test.my_new_project.unique_my_first_dbt_model_id.16e066b321 (execute): 2023-03-31 09:11:50.829954 => 2023-03-31 09:11:50.829961
[0m09:11:50.830165 [debug] [Thread-4 (]: Timing info for test.my_new_project.not_null_my_first_dbt_model_id.5fb22c2710 (execute): 2023-03-31 09:11:50.830124 => 2023-03-31 09:11:50.830130
[0m09:11:50.830336 [debug] [Thread-1 (]: Began compiling node test.my_new_project.not_null_my_second_dbt_model_id.151b76d778
[0m09:11:50.830512 [debug] [Thread-3 (]: Began compiling node test.my_new_project.unique_my_second_dbt_model_id.57a0f8c493
[0m09:11:50.830985 [debug] [Thread-2 (]: Finished running node test.my_new_project.unique_my_first_dbt_model_id.16e066b321
[0m09:11:50.831467 [debug] [Thread-4 (]: Finished running node test.my_new_project.not_null_my_first_dbt_model_id.5fb22c2710
[0m09:11:50.836285 [debug] [Thread-1 (]: Writing injected SQL for node "test.my_new_project.not_null_my_second_dbt_model_id.151b76d778"
[0m09:11:50.840486 [debug] [Thread-3 (]: Writing injected SQL for node "test.my_new_project.unique_my_second_dbt_model_id.57a0f8c493"
[0m09:11:50.841425 [debug] [Thread-1 (]: Timing info for test.my_new_project.not_null_my_second_dbt_model_id.151b76d778 (compile): 2023-03-31 09:11:50.831603 => 2023-03-31 09:11:50.841342
[0m09:11:50.841734 [debug] [Thread-3 (]: Timing info for test.my_new_project.unique_my_second_dbt_model_id.57a0f8c493 (compile): 2023-03-31 09:11:50.836515 => 2023-03-31 09:11:50.841658
[0m09:11:50.842057 [debug] [Thread-1 (]: Began executing node test.my_new_project.not_null_my_second_dbt_model_id.151b76d778
[0m09:11:50.842358 [debug] [Thread-3 (]: Began executing node test.my_new_project.unique_my_second_dbt_model_id.57a0f8c493
[0m09:11:50.842642 [debug] [Thread-1 (]: Timing info for test.my_new_project.not_null_my_second_dbt_model_id.151b76d778 (execute): 2023-03-31 09:11:50.842569 => 2023-03-31 09:11:50.842583
[0m09:11:50.842898 [debug] [Thread-3 (]: Timing info for test.my_new_project.unique_my_second_dbt_model_id.57a0f8c493 (execute): 2023-03-31 09:11:50.842839 => 2023-03-31 09:11:50.842848
[0m09:11:50.843646 [debug] [Thread-1 (]: Finished running node test.my_new_project.not_null_my_second_dbt_model_id.151b76d778
[0m09:11:50.844327 [debug] [Thread-3 (]: Finished running node test.my_new_project.unique_my_second_dbt_model_id.57a0f8c493
[0m09:11:50.845367 [debug] [MainThread]: Connection 'master' was properly closed.
[0m09:11:50.845632 [debug] [MainThread]: Connection 'test.my_new_project.not_null_my_second_dbt_model_id.151b76d778' was properly closed.
[0m09:11:50.845804 [debug] [MainThread]: Connection 'test.my_new_project.unique_my_second_dbt_model_id.57a0f8c493' was properly closed.
[0m09:11:50.845960 [debug] [MainThread]: Connection 'test.my_new_project.not_null_my_first_dbt_model_id.5fb22c2710' was properly closed.
[0m09:11:50.846103 [debug] [MainThread]: Connection 'test.my_new_project.unique_my_first_dbt_model_id.16e066b321' was properly closed.
[0m09:11:50.846523 [debug] [MainThread]: Command end result
[0m09:11:50.851017 [info ] [MainThread]: Done.
[0m09:11:50.853084 [debug] [MainThread]: Acquiring new bigquery connection 'generate_catalog'
[0m09:11:50.853261 [info ] [MainThread]: Building catalog
[0m09:11:50.853744 [debug] [MainThread]: Opening a new connection, currently in state init
[0m09:11:51.701923 [debug] [ThreadPool]: Acquiring new bigquery connection 'project-on-dbt-379106.information_schema'
[0m09:11:51.725368 [debug] [ThreadPool]: Opening a new connection, currently in state init
[0m09:11:51.753983 [debug] [ThreadPool]: On project-on-dbt-379106.information_schema: /* {"app": "dbt", "dbt_version": "1.4.5", "profile_name": "default", "target_name": "dev", "connection_name": "project-on-dbt-379106.information_schema"} */

    with tables as (
        select
            project_id as table_database,
            dataset_id as table_schema,
            table_id as original_table_name,

            concat(project_id, '.', dataset_id, '.', table_id) as relation_id,

            row_count,
            size_bytes as size_bytes,
            case
                when type = 1 then 'table'
                when type = 2 then 'view'
                else 'external'
            end as table_type,

            REGEXP_CONTAINS(table_id, '^.+[0-9]{8}$') and coalesce(type, 0) = 1 as is_date_shard,
            REGEXP_EXTRACT(table_id, '^(.+)[0-9]{8}$') as shard_base_name,
            REGEXP_EXTRACT(table_id, '^.+([0-9]{8})$') as shard_name

        from `project-on-dbt-379106`.`dbt_shipyard`.__TABLES__
        where (upper(dataset_id) = upper('dbt_shipyard'))
    ),

    table_options as (
        select
            concat(table_catalog, '.', table_schema, '.', table_name) as relation_id,
            JSON_VALUE(option_value) as table_comment

        from `project-on-dbt-379106`.`dbt_shipyard`.INFORMATION_SCHEMA.TABLE_OPTIONS
        where option_name = 'description'
    ),
    extracted as (

        select *,
            case
                when is_date_shard then shard_base_name
                else original_table_name
            end as table_name

        from tables

    ),

    unsharded_tables as (

        select
            table_database,
            table_schema,
            table_name,
            coalesce(table_type, 'external') as table_type,
            is_date_shard,

            struct(
                min(shard_name) as shard_min,
                max(shard_name) as shard_max,
                count(*) as shard_count
            ) as table_shards,

            sum(size_bytes) as size_bytes,
            sum(row_count) as row_count,

            max(relation_id) as relation_id

        from extracted
        group by 1,2,3,4,5

    ),

    info_schema_columns as (

        select
            concat(table_catalog, '.', table_schema, '.', table_name) as relation_id,
            table_catalog as table_database,
            table_schema,
            table_name,

            -- use the "real" column name from the paths query below
            column_name as base_column_name,
            ordinal_position as column_index,

            is_partitioning_column,
            clustering_ordinal_position

        from `project-on-dbt-379106`.`dbt_shipyard`.INFORMATION_SCHEMA.COLUMNS
        where ordinal_position is not null

    ),

    info_schema_column_paths as (

        select
            concat(table_catalog, '.', table_schema, '.', table_name) as relation_id,
            field_path as column_name,
            data_type as column_type,
            column_name as base_column_name,
            description as column_comment

        from `project-on-dbt-379106`.`dbt_shipyard`.INFORMATION_SCHEMA.COLUMN_FIELD_PATHS

    ),

    columns as (

        select * except (base_column_name)
        from info_schema_columns
        join info_schema_column_paths using (relation_id, base_column_name)

    ),

    column_stats as (

        select
            table_database,
            table_schema,
            table_name,
            max(relation_id) as relation_id,
            max(case when is_partitioning_column = 'YES' then 1 else 0 end) = 1 as is_partitioned,
            max(case when is_partitioning_column = 'YES' then column_name else null end) as partition_column,
            max(case when clustering_ordinal_position is not null then 1 else 0 end) = 1 as is_clustered,
            array_to_string(
                array_agg(
                    case
                        when clustering_ordinal_position is not null then column_name
                        else null
                    end ignore nulls
                    order by clustering_ordinal_position
                ), ', '
            ) as clustering_columns

        from columns
        group by 1,2,3

    )

    select
        unsharded_tables.table_database,
        unsharded_tables.table_schema,
        case
            when is_date_shard then concat(unsharded_tables.table_name, '*')
            else unsharded_tables.table_name
        end as table_name,
        unsharded_tables.table_type,
        table_options.table_comment,

        -- coalesce name and type for External tables - these columns are not
        -- present in the COLUMN_FIELD_PATHS resultset
        coalesce(columns.column_name, '<unknown>') as column_name,
        -- invent a row number to account for nested fields -- BQ does
        -- not treat these nested properties as independent fields
        row_number() over (
            partition by relation_id
            order by columns.column_index, columns.column_name
        ) as column_index,
        coalesce(columns.column_type, '<unknown>') as column_type,
        columns.column_comment,

        'Shard count' as `stats__date_shards__label`,
        table_shards.shard_count as `stats__date_shards__value`,
        'The number of date shards in this table' as `stats__date_shards__description`,
        is_date_shard as `stats__date_shards__include`,

        'Shard (min)' as `stats__date_shard_min__label`,
        table_shards.shard_min as `stats__date_shard_min__value`,
        'The first date shard in this table' as `stats__date_shard_min__description`,
        is_date_shard as `stats__date_shard_min__include`,

        'Shard (max)' as `stats__date_shard_max__label`,
        table_shards.shard_max as `stats__date_shard_max__value`,
        'The last date shard in this table' as `stats__date_shard_max__description`,
        is_date_shard as `stats__date_shard_max__include`,

        '# Rows' as `stats__num_rows__label`,
        row_count as `stats__num_rows__value`,
        'Approximate count of rows in this table' as `stats__num_rows__description`,
        (unsharded_tables.table_type = 'table') as `stats__num_rows__include`,

        'Approximate Size' as `stats__num_bytes__label`,
        size_bytes as `stats__num_bytes__value`,
        'Approximate size of table as reported by BigQuery' as `stats__num_bytes__description`,
        (unsharded_tables.table_type = 'table') as `stats__num_bytes__include`,

        'Partitioned By' as `stats__partitioning_type__label`,
        partition_column as `stats__partitioning_type__value`,
        'The partitioning column for this table' as `stats__partitioning_type__description`,
        is_partitioned as `stats__partitioning_type__include`,

        'Clustered By' as `stats__clustering_fields__label`,
        clustering_columns as `stats__clustering_fields__value`,
        'The clustering columns for this table' as `stats__clustering_fields__description`,
        is_clustered as `stats__clustering_fields__include`

    -- join using relation_id (an actual relation, not a shard prefix) to make
    -- sure that column metadata is picked up through the join. This will only
    -- return the column information for the "max" table in a date-sharded table set
    from unsharded_tables
    left join table_options using (relation_id)
    left join columns using (relation_id)
    left join column_stats using (relation_id)
  
[0m09:11:54.952471 [debug] [ThreadPool]: BigQuery adapter: https://console.cloud.google.com/bigquery?project=project-on-dbt-379106&j=bq:asia-south1:f6cea175-1306-447d-a0e3-2f94129d7ab2&page=queryresults
[0m09:11:54.973282 [info ] [MainThread]: Catalog written to /home/nxtwave/Documents/shipyard/dbt-guide-starting-point/target/catalog.json
[0m09:11:54.974023 [debug] [MainThread]: Sending event: {'category': 'dbt', 'action': 'invocation', 'label': 'end', 'context': [<snowplow_tracker.self_describing_json.SelfDescribingJson object at 0x7fbbabb822c0>, <snowplow_tracker.self_describing_json.SelfDescribingJson object at 0x7fbbab9d0700>, <snowplow_tracker.self_describing_json.SelfDescribingJson object at 0x7fbbab9d1b10>]}
[0m09:11:54.974478 [debug] [MainThread]: Flushing usage events
[0m09:11:55.937830 [debug] [MainThread]: Connection 'generate_catalog' was properly closed.
[0m09:11:55.939199 [debug] [MainThread]: Connection 'project-on-dbt-379106.information_schema' was properly closed.


============================== 2023-03-31 09:12:01.071898 | c2cb7c30-f1b2-40ab-9224-09051c085a2e ==============================
[0m09:12:01.071898 [info ] [MainThread]: Running with dbt=1.4.5
[0m09:12:01.072844 [debug] [MainThread]: running dbt with arguments {'write_json': True, 'use_colors': True, 'printer_width': 80, 'version_check': True, 'partial_parse': True, 'static_parser': True, 'profiles_dir': '/home/nxtwave/Documents/shipyard/dbt-guide-starting-point', 'send_anonymous_usage_stats': True, 'quiet': False, 'no_print': False, 'cache_selected_only': False, 'port': 8080, 'open_browser': True, 'which': 'serve', 'indirect_selection': 'eager'}
[0m09:12:01.073050 [debug] [MainThread]: Tracking: tracking
[0m09:12:01.074011 [debug] [MainThread]: Sending event: {'category': 'dbt', 'action': 'invocation', 'label': 'start', 'context': [<snowplow_tracker.self_describing_json.SelfDescribingJson object at 0x7f4e8f392290>, <snowplow_tracker.self_describing_json.SelfDescribingJson object at 0x7f4e8f390dc0>, <snowplow_tracker.self_describing_json.SelfDescribingJson object at 0x7f4e8f392230>]}
[0m09:12:01.075636 [info ] [MainThread]: Serving docs at 0.0.0.0:8080
[0m09:12:01.075940 [info ] [MainThread]: To access from your browser, navigate to:  http://localhost:8080
[0m09:12:01.076235 [info ] [MainThread]: 
[0m09:12:01.076463 [info ] [MainThread]: 
[0m09:12:01.076675 [info ] [MainThread]: Press Ctrl+C to exit.
[0m09:19:50.989749 [debug] [MainThread]: Flushing usage events
[0m09:19:52.068255 [info ] [MainThread]: ctrl-c


============================== 2023-03-31 09:20:01.318231 | 5a2886aa-e561-4584-8b7b-e9b60c448935 ==============================
[0m09:20:01.318231 [info ] [MainThread]: Running with dbt=1.4.5
[0m09:20:01.319167 [debug] [MainThread]: running dbt with arguments {'write_json': True, 'use_colors': True, 'printer_width': 80, 'version_check': True, 'partial_parse': True, 'static_parser': True, 'profiles_dir': '/home/nxtwave/Documents/shipyard/dbt-guide-starting-point', 'send_anonymous_usage_stats': True, 'quiet': False, 'no_print': False, 'cache_selected_only': False, 'port': 8080, 'open_browser': True, 'which': 'serve', 'indirect_selection': 'eager'}
[0m09:20:01.319314 [debug] [MainThread]: Tracking: tracking
[0m09:20:01.320287 [debug] [MainThread]: Sending event: {'category': 'dbt', 'action': 'invocation', 'label': 'start', 'context': [<snowplow_tracker.self_describing_json.SelfDescribingJson object at 0x7f824d096290>, <snowplow_tracker.self_describing_json.SelfDescribingJson object at 0x7f824d094df0>, <snowplow_tracker.self_describing_json.SelfDescribingJson object at 0x7f824d096230>]}
[0m09:20:01.321927 [info ] [MainThread]: Serving docs at 0.0.0.0:8080
[0m09:20:01.322165 [info ] [MainThread]: To access from your browser, navigate to:  http://localhost:8080
[0m09:20:01.322345 [info ] [MainThread]: 
[0m09:20:01.322498 [info ] [MainThread]: 
[0m09:20:01.322640 [info ] [MainThread]: Press Ctrl+C to exit.
[0m09:23:17.240166 [debug] [MainThread]: Flushing usage events
[0m09:23:18.301803 [info ] [MainThread]: ctrl-c
